0 info it worked if it ends with ok
1 verbose cli [ '/usr/local/bin/node',
1 verbose cli   '/usr/local/bin/npm',
1 verbose cli   'install',
1 verbose cli   'react-native-play-audio',
1 verbose cli   '--save' ]
2 info using npm@3.9.5
3 info using node@v6.2.2
4 silly loadCurrentTree Starting
5 silly install loadCurrentTree
6 silly install readLocalPackageData
7 silly fetchPackageMetaData react-native-play-audio
8 silly fetchNamedPackageData react-native-play-audio
9 silly mapToRegistry name react-native-play-audio
10 silly mapToRegistry using default registry
11 silly mapToRegistry registry https://npm.apple.com/
12 silly mapToRegistry data Result {
12 silly mapToRegistry   raw: 'react-native-play-audio',
12 silly mapToRegistry   scope: null,
12 silly mapToRegistry   name: 'react-native-play-audio',
12 silly mapToRegistry   rawSpec: '',
12 silly mapToRegistry   spec: 'latest',
12 silly mapToRegistry   type: 'tag' }
13 silly mapToRegistry uri https://npm.apple.com/react-native-play-audio
14 verbose request uri https://npm.apple.com/react-native-play-audio
15 verbose request no auth needed
16 info attempt registry request try #1 at 8:02:10 PM
17 verbose request id 0dc2251ed04f098f
18 http request GET https://npm.apple.com/react-native-play-audio
19 info retry will retry, error on last attempt: Error: getaddrinfo ENOTFOUND npm.apple.com npm.apple.com:443
20 info attempt registry request try #2 at 8:02:20 PM
21 http request GET https://npm.apple.com/react-native-play-audio
22 info retry will retry, error on last attempt: Error: getaddrinfo ENOTFOUND npm.apple.com npm.apple.com:443
23 info attempt registry request try #3 at 8:03:20 PM
24 http request GET https://npm.apple.com/react-native-play-audio
25 silly fetchPackageMetaData Error: getaddrinfo ENOTFOUND npm.apple.com npm.apple.com:443
25 silly fetchPackageMetaData     at errnoException (dns.js:28:10)
25 silly fetchPackageMetaData     at GetAddrInfoReqWrap.onlookup [as oncomplete] (dns.js:79:26)
25 silly fetchPackageMetaData  error for react-native-play-audio { Error: getaddrinfo ENOTFOUND npm.apple.com npm.apple.com:443
25 silly fetchPackageMetaData     at errnoException (dns.js:28:10)
25 silly fetchPackageMetaData     at GetAddrInfoReqWrap.onlookup [as oncomplete] (dns.js:79:26)
25 silly fetchPackageMetaData   code: 'ENOTFOUND',
25 silly fetchPackageMetaData   errno: 'ENOTFOUND',
25 silly fetchPackageMetaData   syscall: 'getaddrinfo',
25 silly fetchPackageMetaData   hostname: 'npm.apple.com',
25 silly fetchPackageMetaData   host: 'npm.apple.com',
25 silly fetchPackageMetaData   port: 443 }
26 silly rollbackFailedOptional Starting
27 silly rollbackFailedOptional Finishing
28 silly runTopLevelLifecycles Starting
29 silly runTopLevelLifecycles Finishing
30 silly install printInstalled
31 verbose stack Error: getaddrinfo ENOTFOUND npm.apple.com npm.apple.com:443
31 verbose stack     at errnoException (dns.js:28:10)
31 verbose stack     at GetAddrInfoReqWrap.onlookup [as oncomplete] (dns.js:79:26)
32 verbose cwd /Users/darshantumkursreenivasamurthy/Desktop/ReactPro/cameratest
33 error Darwin 15.6.0
34 error argv "/usr/local/bin/node" "/usr/local/bin/npm" "install" "react-native-play-audio" "--save"
35 error node v6.2.2
36 error npm  v3.9.5
37 error code ENOTFOUND
38 error errno ENOTFOUND
39 error syscall getaddrinfo
40 error network getaddrinfo ENOTFOUND npm.apple.com npm.apple.com:443
41 error network This is most likely not a problem with npm itself
41 error network and is related to network connectivity.
41 error network In most cases you are behind a proxy or have bad network settings.
41 error network
41 error network If you are behind a proxy, please make sure that the
41 error network 'proxy' config is set properly.  See: 'npm help config'
42 verbose exit [ 1, true ]
